<?xml version="1.0" encoding="UTF-8"?>
<!-- Generated by org.testng.reporters.JUnitReportReporter -->
<testsuite skipped="0" hostname="DESKTOP-PF7FQ7D" name="RunCukesTest" tests="1" failures="0" timestamp="31 May 2020 13:20:56 GMT" time="19.361" errors="0">
  <testcase name="feature" time="19.361" classname="RunCukesTest"/>
</testsuite> <!-- RunCukesTest -->
