<?xml version="1.0" encoding="UTF-8"?>
<!-- Generated by org.testng.reporters.JUnitReportReporter -->
<testsuite skipped="0" hostname="DESKTOP-PF7FQ7D" name="RunCukesTest" tests="1" failures="0" timestamp="31 May 2020 08:13:51 GMT" time="114.047" errors="0">
  <testcase name="feature" time="114.047" classname="RunCukesTest"/>
</testsuite> <!-- RunCukesTest -->
