<?xml version="1.0" encoding="UTF-8"?>
<!-- Generated by org.testng.reporters.JUnitReportReporter -->
<testsuite skipped="0" hostname="DESKTOP-PF7FQ7D" name="RunCukesTest" tests="1" failures="0" timestamp="30 May 2020 17:32:56 GMT" time="59.548" errors="0">
  <testcase name="feature" time="59.548" classname="RunCukesTest"/>
</testsuite> <!-- RunCukesTest -->
