<?xml version="1.0" encoding="UTF-8"?>
<!-- Generated by org.testng.reporters.JUnitReportReporter -->
<testsuite skipped="0" hostname="DESKTOP-PF7FQ7D" name="RunCukesTest" tests="1" failures="0" timestamp="27 May 2020 15:08:31 GMT" time="42.165" errors="0">
  <testcase name="feature" time="42.165" classname="RunCukesTest"/>
</testsuite> <!-- RunCukesTest -->
